<?xml version="1.0" encoding="UTF-8"?>
<!-- Generated by org.testng.reporters.JUnitReportReporter -->
<testsuite hostname="sqe-IdeaPad-5-15ITL05" failures="0" tests="59" name="TestCases.CCP" time="133.448" errors="0" timestamp="2022-04-27T10:57:21 IST" skipped="0">
  <testcase classname="TestCases.CCP" name="PreRequisite" time="14.937"/>
  <system-out/>
  <testcase classname="TestCases.CCP" name="TC_CCP_01" time="2.236"/>
  <system-out/>
  <testcase classname="TestCases.CCP" name="TC_CCP_02" time="0.028"/>
  <system-out/>
  <testcase classname="TestCases.CCP" name="TC_CCP_03" time="4.330"/>
  <system-out/>
  <testcase classname="TestCases.CCP" name="TC_CCP_04" time="5.636"/>
  <system-out/>
  <testcase classname="TestCases.CCP" name="TC_CCP_06" time="3.232"/>
  <system-out/>
  <testcase classname="TestCases.CCP" name="TC_CCP_07" time="2.131"/>
  <system-out/>
  <testcase classname="TestCases.CCP" name="TC_CCP_08" time="0.288"/>
  <system-out/>
  <testcase classname="TestCases.CCP" name="TC_CCP_09" time="1.552"/>
  <system-out/>
  <testcase classname="TestCases.CCP" name="TC_CCP_10" time="1.560"/>
  <system-out/>
  <testcase classname="TestCases.CCP" name="TC_CCP_11" time="2.204"/>
  <system-out/>
  <testcase classname="TestCases.CCP" name="TC_CCP_12" time="1.377"/>
  <system-out/>
  <testcase classname="TestCases.CCP" name="TC_CCP_13" time="2.336"/>
  <system-out/>
  <testcase classname="TestCases.CCP" name="TC_CCP_14" time="1.112"/>
  <system-out/>
  <testcase classname="TestCases.CCP" name="TC_CCP_15" time="2.275"/>
  <system-out/>
  <testcase classname="TestCases.CCP" name="TC_CCP_16" time="0.209"/>
  <system-out/>
  <testcase classname="TestCases.CCP" name="TC_CCP_17" time="1.053"/>
  <system-out/>
  <testcase classname="TestCases.CCP" name="TC_CCP_18" time="0.160"/>
  <system-out/>
  <testcase classname="TestCases.CCP" name="TC_CCP_19" time="0.124"/>
  <system-out/>
  <testcase classname="TestCases.CCP" name="TC_CCP_20" time="0.114"/>
  <system-out/>
  <testcase classname="TestCases.CCP" name="TC_CCP_21" time="0.278"/>
  <system-out/>
  <testcase classname="TestCases.CCP" name="TC_CCP_22" time="0.298"/>
  <system-out/>
  <testcase classname="TestCases.CCP" name="TC_CCP_23" time="0.207"/>
  <system-out/>
  <testcase classname="TestCases.CCP" name="TC_CCP_24" time="0.196"/>
  <system-out/>
  <testcase classname="TestCases.CCP" name="TC_CCP_25" time="0.392"/>
  <system-out/>
  <testcase classname="TestCases.CCP" name="TC_CCP_26" time="1.542"/>
  <system-out/>
  <testcase classname="TestCases.CCP" name="TC_CCP_27" time="0.028"/>
  <system-out/>
  <testcase classname="TestCases.CCP" name="TC_CCP_28" time="0.164"/>
  <system-out/>
  <testcase classname="TestCases.CCP" name="TC_CCP_29" time="5.202"/>
  <system-out/>
  <testcase classname="TestCases.CCP" name="TC_CCP_30" time="6.437"/>
  <system-out/>
  <testcase classname="TestCases.CCP" name="TC_CCP_31" time="5.154"/>
  <system-out/>
  <testcase classname="TestCases.CCP" name="TC_CCP_32" time="1.227"/>
  <system-out/>
  <testcase classname="TestCases.CCP" name="TC_CCP_34" time="2.084"/>
  <system-out/>
  <testcase classname="TestCases.CCP" name="TC_CCP_35" time="4.223"/>
  <system-out/>
  <testcase classname="TestCases.CCP" name="TC_CCP_36" time="2.110"/>
  <system-out/>
  <testcase classname="TestCases.CCP" name="TC_CCP_37" time="2.934"/>
  <system-out/>
  <testcase classname="TestCases.CCP" name="TC_CCP_38" time="0.104"/>
  <system-out/>
  <testcase classname="TestCases.CCP" name="TC_CCP_39" time="2.165"/>
  <system-out/>
  <testcase classname="TestCases.CCP" name="TC_CCP_40" time="14.339"/>
  <system-out/>
  <testcase classname="TestCases.CCP" name="TC_CCP_42" time="1.870"/>
  <system-out/>
  <testcase classname="TestCases.CCP" name="TC_CCP_43" time="1.187"/>
  <system-out/>
  <testcase classname="TestCases.CCP" name="TC_CCP_44" time="1.066"/>
  <system-out/>
  <testcase classname="TestCases.CCP" name="TC_CCP_45" time="0.035"/>
  <system-out/>
  <testcase classname="TestCases.CCP" name="TC_CCP_46" time="0.207"/>
  <system-out/>
  <testcase classname="TestCases.CCP" name="TC_CCP_47" time="3.224"/>
  <system-out/>
  <testcase classname="TestCases.CCP" name="TC_CCP_48" time="2.159"/>
  <system-out/>
  <testcase classname="TestCases.CCP" name="TC_CCP_49" time="5.089"/>
  <system-out/>
  <testcase classname="TestCases.CCP" name="TC_CCP_50" time="3.144"/>
  <system-out/>
  <testcase classname="TestCases.CCP" name="TC_CCP_51" time="0.652"/>
  <system-out/>
  <testcase classname="TestCases.CCP" name="TC_CCP_52" time="5.694"/>
  <system-out/>
  <testcase classname="TestCases.CCP" name="TC_CCP_53" time="1.220"/>
  <system-out/>
  <testcase classname="TestCases.CCP" name="TC_CCP_54" time="0.440"/>
  <system-out/>
  <testcase classname="TestCases.CCP" name="TC_CCP_55" time="3.719"/>
  <system-out/>
  <testcase classname="TestCases.CCP" name="TC_CCP_56" time="2.059"/>
  <system-out/>
  <testcase classname="TestCases.CCP" name="TC_CCP_57" time="0.171"/>
  <system-out/>
  <testcase classname="TestCases.CCP" name="TC_CCP_58" time="0.027"/>
  <system-out/>
  <testcase classname="TestCases.CCP" name="TC_CCP_59" time="2.164"/>
  <system-out/>
  <testcase classname="TestCases.CCP" name="TC_CCP_60" time="0.022"/>
  <system-out/>
  <testcase classname="TestCases.CCP" name="TC_CCP_61" time="3.321"/>
  <system-out/>
</testsuite> <!-- TestCases.CCP -->
