<?xml version="1.0" encoding="UTF-8"?>
<!-- Generated by org.testng.reporters.JUnitReportReporter -->
<testsuite hostname="sqe-IdeaPad-5-15ITL05" failures="0" tests="1" name="TestCases.Login" time="9.749" errors="0" timestamp="2022-04-27T10:57:21 IST" skipped="0">
  <testcase classname="TestCases.Login" name="LoginAgency" time="9.749"/>
  <system-out/>
</testsuite> <!-- TestCases.Login -->
