<?xml version="1.0" encoding="UTF-8"?>
<!-- Generated by org.testng.reporters.JUnitReportReporter -->
<testsuite hostname="sqe-IdeaPad-5-15ITL05" failures="0" tests="2" name="com.ComCate.TestCases.CCP" time="17.800" errors="0" timestamp="2022-04-12T18:28:25 IST" skipped="0">
  <testcase classname="com.ComCate.TestCases.CCP" name="PreRequisite" time="13.671"/>
  <system-out/>
  <testcase classname="com.ComCate.TestCases.CCP" name="TC_CCP_10" time="4.129"/>
  <system-out/>
</testsuite> <!-- com.ComCate.TestCases.CCP -->
