<?xml version="1.0" encoding="UTF-8"?>
<!-- Generated by org.testng.reporters.JUnitReportReporter -->
<testsuite hostname="sqe-IdeaPad-5-15ITL05" failures="0" tests="1" name="com.ComCate.TestCases.Login" time="9.809" errors="0" timestamp="2022-04-12T18:28:25 IST" skipped="0">
  <testcase classname="com.ComCate.TestCases.Login" name="LoginAgency" time="9.809"/>
  <system-out/>
</testsuite> <!-- com.ComCate.TestCases.Login -->
