<?xml version="1.0" encoding="UTF-8"?>
<!-- Generated by org.testng.reporters.JUnitReportReporter -->
<testsuite skipped="0" hostname="LAPTOP-010V7A5T" name="com.Mastera.TestCases.Addapppointment" tests="3" failures="0" timestamp="2022-03-14T11:13:37 IST" time="52.541" errors="0">
  <testcase name="validateAddAppointment" time="26.633" classname="com.Mastera.TestCases.Addapppointment"/>
  <system-out/>
  <testcase name="validateEditAppointment" time="15.518" classname="com.Mastera.TestCases.Addapppointment"/>
  <system-out/>
  <testcase name="validateDeleteAppointment" time="10.390" classname="com.Mastera.TestCases.Addapppointment"/>
  <system-out/>
</testsuite> <!-- com.Mastera.TestCases.Addapppointment -->
