<?xml version="1.0" encoding="UTF-8"?>
<!-- Generated by org.testng.reporters.JUnitReportReporter -->
<testsuite skipped="0" hostname="LAPTOP-010V7A5T" name="com.Mastera.TestCases.Addproduct" tests="3" failures="0" timestamp="2022-03-14T11:13:37 IST" time="52.060" errors="0">
  <testcase name="validateAddProduct" time="26.095" classname="com.Mastera.TestCases.Addproduct"/>
  <system-out/>
  <testcase name="validateEditProduct" time="13.353" classname="com.Mastera.TestCases.Addproduct"/>
  <system-out/>
  <testcase name="validateDeleteProduct" time="12.612" classname="com.Mastera.TestCases.Addproduct"/>
  <system-out/>
</testsuite> <!-- com.Mastera.TestCases.Addproduct -->
