<?xml version="1.0" encoding="UTF-8"?>
<!-- Generated by org.testng.reporters.JUnitReportReporter -->
<testsuite hostname="sqe-IdeaPad-5-15ITL05" failures="0" tests="25" name="TestCases.PerformInspection" time="22.040" errors="0" timestamp="2022-04-27T10:57:21 IST" skipped="0">
  <testcase classname="TestCases.PerformInspection" name="TC_PIP_01" time="1.845"/>
  <system-out/>
  <testcase classname="TestCases.PerformInspection" name="TC_PIP_02" time="0.162"/>
  <system-out/>
  <testcase classname="TestCases.PerformInspection" name="TC_PIP_03" time="1.071"/>
  <system-out/>
  <testcase classname="TestCases.PerformInspection" name="TC_PIP_04" time="0.229"/>
  <system-out/>
  <testcase classname="TestCases.PerformInspection" name="TC_PIP_05" time="0.034"/>
  <system-out/>
  <testcase classname="TestCases.PerformInspection" name="TC_PIP_06" time="0.134"/>
  <system-out/>
  <testcase classname="TestCases.PerformInspection" name="TC_PIP_07" time="1.122"/>
  <system-out/>
  <testcase classname="TestCases.PerformInspection" name="TC_PIP_08" time="0.123"/>
  <system-out/>
  <testcase classname="TestCases.PerformInspection" name="TC_PIP_09" time="0.133"/>
  <system-out/>
  <testcase classname="TestCases.PerformInspection" name="TC_PIP_10" time="0.107"/>
  <system-out/>
  <testcase classname="TestCases.PerformInspection" name="TC_PIP_11" time="2.152"/>
  <system-out/>
  <testcase classname="TestCases.PerformInspection" name="TC_PIP_12" time="1.174"/>
  <system-out/>
  <testcase classname="TestCases.PerformInspection" name="TC_PIP_13" time="0.293"/>
  <system-out/>
  <testcase classname="TestCases.PerformInspection" name="TC_PIP_14" time="0.025"/>
  <system-out/>
  <testcase classname="TestCases.PerformInspection" name="TC_PIP_15" time="0.024"/>
  <system-out/>
  <testcase classname="TestCases.PerformInspection" name="TC_PIP_16" time="2.175"/>
  <system-out/>
  <testcase classname="TestCases.PerformInspection" name="TC_PIP_17" time="0.312"/>
  <system-out/>
  <testcase classname="TestCases.PerformInspection" name="TC_PIP_18" time="4.623"/>
  <system-out/>
  <testcase classname="TestCases.PerformInspection" name="TC_PIP_19" time="1.214"/>
  <system-out/>
  <testcase classname="TestCases.PerformInspection" name="TC_PIP_20" time="0.040"/>
  <system-out/>
  <testcase classname="TestCases.PerformInspection" name="TC_PIP_21" time="3.591"/>
  <system-out/>
  <testcase classname="TestCases.PerformInspection" name="TC_PIP_22" time="0.029"/>
  <system-out/>
  <testcase classname="TestCases.PerformInspection" name="TC_PIP_23" time="0.185"/>
  <system-out/>
  <testcase classname="TestCases.PerformInspection" name="TC_PIP_24" time="1.100"/>
  <system-out/>
  <testcase classname="TestCases.PerformInspection" name="TC_PIP_25" time="0.143"/>
  <system-out/>
</testsuite> <!-- TestCases.PerformInspection -->
