<?xml version="1.0" encoding="UTF-8"?>
<!-- Generated by org.testng.reporters.JUnitReportReporter -->
<testsuite hostname="sqe-IdeaPad-5-15ITL05" failures="0" tests="1" name="com.ComCate.TestCases.Login" time="10.341" errors="0" timestamp="2022-04-11T21:07:26 IST" skipped="0">
  <testcase classname="com.ComCate.TestCases.Login" name="LoginAgency" time="10.341"/>
  <system-out/>
</testsuite> <!-- com.ComCate.TestCases.Login -->
